<?xml version="1.0" encoding="UTF-8"?>
<testsuites>
  <testsuite name="CodeIgniter Application Test Suite" tests="7" assertions="7" errors="0" failures="1" skipped="0" time="8.275456">
    <testsuite name="Webservice_test" file="/var/www/sample/knight-bat-2/application/tests/controllers/Webservice_test.php" tests="7" assertions="7" errors="0" failures="1" skipped="0" time="8.275456">
      <testcase name="test_index" class="Webservice_test" classname="Webservice_test" file="/var/www/sample/knight-bat-2/application/tests/controllers/Webservice_test.php" line="13" assertions="1" time="1.573479"/>
      <testcase name="test_method_404" class="Webservice_test" classname="Webservice_test" file="/var/www/sample/knight-bat-2/application/tests/controllers/Webservice_test.php" line="19" assertions="1" time="0.032139"/>
      <testcase name="test_empty_get_status_code" class="Webservice_test" classname="Webservice_test" file="/var/www/sample/knight-bat-2/application/tests/controllers/Webservice_test.php" line="25" assertions="1" time="1.942089">
        <failure type="PHPUnit\Framework\ExpectationFailedException">Webservice_test::test_empty_get_status_code
Status code is not 500 but 200.
Failed asserting that 200 is identical to 500.

/var/www/sample/knight-bat-2/application/tests/_ci_phpunit_test/CIPHPUnitTestCase.php:313
/var/www/sample/knight-bat-2/application/tests/controllers/Webservice_test.php:28
</failure>
      </testcase>
      <testcase name="test_empty_body" class="Webservice_test" classname="Webservice_test" file="/var/www/sample/knight-bat-2/application/tests/controllers/Webservice_test.php" line="32" assertions="1" time="1.372622"/>
      <testcase name="test_empty_get" class="Webservice_test" classname="Webservice_test" file="/var/www/sample/knight-bat-2/application/tests/controllers/Webservice_test.php" line="38" assertions="1" time="1.799958"/>
      <testcase name="test_not_supported_request" class="Webservice_test" classname="Webservice_test" file="/var/www/sample/knight-bat-2/application/tests/controllers/Webservice_test.php" line="44" assertions="1" time="1.553985"/>
      <testcase name="test_APPPATH" class="Webservice_test" classname="Webservice_test" file="/var/www/sample/knight-bat-2/application/tests/controllers/Webservice_test.php" line="50" assertions="1" time="0.001184"/>
    </testsuite>
  </testsuite>
</testsuites>
